<?xml version="1.0" encoding="UTF-8"?>
<!-- Generated by org.testng.reporters.JUnitReportReporter -->
<testsuite hostname="GIGABYTE-ANDY" failures="0" tests="1" name="lambdaDemo.LaunchBrowser" time="7.676" errors="0" timestamp="17 maalisk. 2025 23:46:51 GMT" skipped="0">
  <testcase classname="lambdaDemo.LaunchBrowser" name="myTest" time="7.676"/>
</testsuite> <!-- lambdaDemo.LaunchBrowser -->
