<?xml version="1.0" encoding="UTF-8"?>
<!-- Generated by org.testng.reporters.JUnitReportReporter -->
<testsuite hostname="GIGABYTE-ANDY" failures="0" tests="1" name="lambdaDemo.HandleDropdown" time="5.803" errors="0" timestamp="20 maalisk. 2025 19:53:10 GMT" skipped="0">
  <testcase classname="lambdaDemo.HandleDropdown" name="selectDropDown" time="5.803"/>
</testsuite> <!-- lambdaDemo.HandleDropdown -->
