<?xml version="1.0" encoding="UTF-8"?>
<!-- Generated by org.testng.reporters.JUnitReportReporter -->
<testsuite hostname="GIGABYTE-ANDY" failures="0" tests="1" name="lambdaDemo.LaunchBrowser" time="3.623" errors="0" timestamp="17 maalisk. 2025 00:02:58 GMT" skipped="0">
  <testcase classname="lambdaDemo.LaunchBrowser" name="myTest" time="3.623"/>
</testsuite> <!-- lambdaDemo.LaunchBrowser -->
