<?xml version="1.0" encoding="UTF-8"?>
<!-- Generated by org.testng.reporters.JUnitReportReporter -->
<testsuite hostname="GIGABYTE-ANDY" failures="0" tests="1" name="lambdaDemo.LaunchBrowser" time="1.769" errors="0" timestamp="18 maalisk. 2025 01:07:00 GMT" skipped="0">
  <testcase classname="lambdaDemo.LaunchBrowser" name="myTest" time="1.769"/>
</testsuite> <!-- lambdaDemo.LaunchBrowser -->
